IQ-TREE multicore version 2.3.4 COVID-edition for Windows 64-bit built Apr 27 2024
Developed by Bui Quang Minh, James Barbetti, Nguyen Lam Tung, Olga Chernomor,
Heiko Schmidt, Dominik Schrempf, Michael Woodhams, Ly Trong Nhan, Thomas Wong

Host:    Desktop-Gabriel (AVX2, FMA3, 7 GB RAM)
Command: D:\Downloads\iqtree-2.3.4-Windows\iqtree-2.3.4-Windows\bin\iqtree2.exe -s Dengue_aligned.phy -m MFP -pre iqtree_output
Seed:    145347 (Using SPRNG - Scalable Parallel Random Number Generator)
Time:    Tue Jun 25 01:47:59 2024
Kernel:  AVX+FMA - 1 threads (12 CPU cores detected)

HINT: Use -nt option to specify number of threads because your CPU has 12 cores!
HINT: -nt AUTO will automatically determine the best number of threads to use.

Reading alignment file Dengue_aligned.phy ... Phylip format detected
Alignment most likely contains DNA/RNA sequences
Alignment has 4 sequences with 10164 columns, 256 distinct patterns
1577 parsimony-informative, 7966 singleton sites, 621 constant sites
      Gap/Ambiguity  Composition  p-value
Analyzing sequences: done in 2.62e-005 secs
   1  Seq1    0.00%    passed     98.13%
   2  Seq2    0.00%    passed     11.96%
   3  Seq3    0.00%    passed     98.87%
   4  Seq4    0.00%    passed     12.78%
****  TOTAL    0.00%  0 sequences failed composition chi2 test (p-value<5%; df=3)


Create initial parsimony tree by phylogenetic likelihood library (PLL)... 0.006 seconds
Perform fast likelihood tree search using GTR+I+G model...
Estimate model parameters (epsilon = 5.000)
Perform nearest neighbor interchange...
Estimate model parameters (epsilon = 1.000)
1. Initial log-likelihood: -54323.591
2. Current log-likelihood: -54320.913
3. Current log-likelihood: -54316.299
4. Current log-likelihood: -54311.824
5. Current log-likelihood: -54307.184
6. Current log-likelihood: -54302.643
7. Current log-likelihood: -54298.144
8. Current log-likelihood: -54293.667
9. Current log-likelihood: -54289.030
10. Current log-likelihood: -54284.751
11. Current log-likelihood: -54280.470
12. Current log-likelihood: -54276.371
13. Current log-likelihood: -54272.415
14. Current log-likelihood: -54268.029
15. Current log-likelihood: -54264.177
16. Current log-likelihood: -54260.564
17. Current log-likelihood: -54257.312
18. Current log-likelihood: -54254.496
19. Current log-likelihood: -54251.851
20. Current log-likelihood: -54249.601
21. Current log-likelihood: -54247.721
22. Current log-likelihood: -54246.016
23. Current log-likelihood: -54244.479
24. Current log-likelihood: -54243.217
25. Current log-likelihood: -54242.207
Optimal log-likelihood: -54241.090
Rate parameters:  A-C: 1.28067  A-G: 1.66560  A-T: 1.13221  C-G: 1.17512  C-T: 1.83362  G-T: 1.00000
Base frequencies:  A: 0.321  C: 0.206  G: 0.258  T: 0.215
Proportion of invariable sites: 0.000
Gamma shape alpha: 10.440
Parameters optimization took 25 rounds (0.100 sec)
Time for fast ML tree search: 0.128 seconds

NOTE: ModelFinder requires 0 MB RAM!
ModelFinder will test up to 484 DNA models (sample size: 10164) ...
 No. Model         -LnL         df  AIC          AICc         BIC
  1  GTR+F         54238.438    13  108502.876   108502.912   108596.822
  2  GTR+F+I       54238.636    14  108505.272   108505.314   108606.445
  3  GTR+F+G4      54238.962    14  108505.924   108505.965   108607.096
  4  GTR+F+I+G4    54238.642    15  108507.283   108507.330   108615.682
  5  GTR+F+R2      54239.236    15  108508.472   108508.520   108616.871
  6  GTR+F+R3      54239.059    17  108512.117   108512.178   108634.970
 14  GTR+F+I+R2    54239.256    16  108510.513   108510.567   108626.139
 15  GTR+F+I+R3    54239.099    18  108514.199   108514.266   108644.277
 23  SYM           54712.014    10  109444.028   109444.050   109516.295
 24  SYM+I         54712.016    11  109446.032   109446.058   109525.524
 45  TVM+F         54239.541    12  108503.082   108503.113   108589.801
 46  TVM+F+I       54239.788    13  108505.576   108505.612   108599.522
 67  TVMe          54716.986    9   109451.971   109451.989   109517.011
 68  TVMe+I        54716.974    10  109453.948   109453.969   109526.214
 89  TIM3+F        54240.222    11  108502.444   108502.470   108581.937
 90  TIM3+F+I      54240.402    12  108504.804   108504.835   108591.523
111  TIM3e         54713.513    8   109443.026   109443.040   109500.838
112  TIM3e+I       54713.550    9   109445.100   109445.117   109510.139
133  TIM2+F        54242.626    11  108507.252   108507.278   108586.745
134  TIM2+F+I      54242.935    12  108509.869   108509.900   108596.588
155  TIM2e         54714.346    8   109444.693   109444.707   109502.505
156  TIM2e+I       54714.388    9   109446.775   109446.793   109511.814
177  TIM+F         54244.609    11  108511.218   108511.244   108590.710
178  TIM+F+I       54244.945    12  108513.890   108513.920   108600.609
199  TIMe          54715.756    8   109447.512   109447.527   109505.325
200  TIMe+I        54715.790    9   109449.580   109449.598   109514.620
221  TPM3u+F       54241.585    10  108503.170   108503.192   108575.436
222  TPM3u+F+I     54241.801    11  108505.602   108505.628   108585.094
243  TPM3          54718.639    7   109451.278   109451.289   109501.864
244  TPM3+I        54718.659    8   109453.319   109453.333   109511.131
265  TPM2u+F       54243.843    10  108507.685   108507.707   108579.952
266  TPM2u+F+I     54244.082    11  108510.163   108510.189   108589.656
287  TPM2          54719.504    7   109453.008   109453.019   109503.594
288  TPM2+I        54719.528    8   109455.056   109455.070   109512.869
309  K3Pu+F        54245.967    10  108511.933   108511.955   108584.199
310  K3Pu+F+I      54246.173    11  108514.346   108514.372   108593.838
331  K3P           54721.096    7   109456.192   109456.203   109506.779
332  K3P+I         54721.119    8   109458.238   109458.253   109516.051
353  TN+F          54244.623    10  108509.245   108509.267   108581.511
354  TN+F+I        54244.874    11  108511.747   108511.773   108591.240
375  TNe           54715.787    7   109445.574   109445.585   109496.161
376  TNe+I         54715.775    8   109447.550   109447.565   109505.363
397  HKY+F         54246.004    9   108510.009   108510.026   108575.048
398  HKY+F+I       54246.215    10  108512.429   108512.451   108584.695
419  K2P           54721.099    6   109454.198   109454.206   109497.557
420  K2P+I         54721.124    7   109456.248   109456.259   109506.835
441  F81+F         54293.846    8   108603.691   108603.705   108661.504
442  F81+F+I       54293.824    9   108605.648   108605.665   108670.687
463  JC            54804.433    5   109618.866   109618.872   109654.999
464  JC+I          54804.419    6   109620.837   109620.846   109664.197
Akaike Information Criterion:           TIM3+F
Corrected Akaike Information Criterion: TIM3+F
Bayesian Information Criterion:         HKY+F
Best-fit model: HKY+F chosen according to BIC

All model information printed to iqtree_output.model.gz
CPU time for ModelFinder: 0.109 seconds (0h:0m:0s)
Wall-clock time for ModelFinder: 0.694 seconds (0h:0m:0s)

NOTE: 0 MB RAM (0 GB) is required!
Estimate model parameters (epsilon = 0.100)
1. Initial log-likelihood: -54246.004
Optimal log-likelihood: -54245.993
Rate parameters:  A-C: 1.00000  A-G: 1.45643  A-T: 1.00000  C-G: 1.00000  C-T: 1.45643  G-T: 1.00000
Base frequencies:  A: 0.321  C: 0.206  G: 0.258  T: 0.215
Parameters optimization took 1 rounds (0.015 sec)
Wrote distance file to... 
Computing ML distances based on estimated model parameters...
Calculating distance matrix: done in 9.97e-005 secs
Computing ML distances took 0.012490 sec (of wall-clock time) 0.015625 sec (of CPU time)
Setting up auxiliary I and S matrices: done in 6.91e-005 secs
Computing RapidNJ tree took 0.007981 sec (of wall-clock time) 0.000000 sec (of CPU time)
Log-likelihood of RapidNJ tree: -54245.958
--------------------------------------------------------------------
|             INITIALIZING CANDIDATE TREE SET                      |
--------------------------------------------------------------------
Generating 99 parsimony trees... 0.098 second
Computing log-likelihood of 2 initial trees ... 0.000 seconds
Current best score: -54245.958

Do NNI search on 3 best initial trees
Finish initializing candidate tree set (3)
Current best tree score: -54245.958 / CPU time: 0.122
Number of iterations: 3
--------------------------------------------------------------------
|               OPTIMIZING CANDIDATE TREE SET                      |
--------------------------------------------------------------------
UPDATE BEST LOG-LIKELIHOOD: -54245.958
UPDATE BEST LOG-LIKELIHOOD: -54245.958
Iteration 10 / LogL: -54397.550 / Time: 0h:0m:0s
UPDATE BEST LOG-LIKELIHOOD: -54245.957
Iteration 20 / LogL: -54397.550 / Time: 0h:0m:0s
UPDATE BEST LOG-LIKELIHOOD: -54245.957
Iteration 30 / LogL: -54395.585 / Time: 0h:0m:0s (0h:0m:0s left)
Iteration 40 / LogL: -54312.261 / Time: 0h:0m:0s (0h:0m:0s left)
UPDATE BEST LOG-LIKELIHOOD: -54245.957
Iteration 50 / LogL: -54245.957 / Time: 0h:0m:0s (0h:0m:0s left)
UPDATE BEST LOG-LIKELIHOOD: -54245.957
Iteration 60 / LogL: -54395.585 / Time: 0h:0m:1s (0h:0m:0s left)
UPDATE BEST LOG-LIKELIHOOD: -54245.957
UPDATE BEST LOG-LIKELIHOOD: -54245.957
Iteration 70 / LogL: -54397.550 / Time: 0h:0m:1s (0h:0m:0s left)
UPDATE BEST LOG-LIKELIHOOD: -54245.957
Iteration 80 / LogL: -54311.889 / Time: 0h:0m:1s (0h:0m:0s left)
UPDATE BEST LOG-LIKELIHOOD: -54245.957
UPDATE BEST LOG-LIKELIHOOD: -54245.957
UPDATE BEST LOG-LIKELIHOOD: -54245.957
UPDATE BEST LOG-LIKELIHOOD: -54245.957
Iteration 90 / LogL: -54245.957 / Time: 0h:0m:1s (0h:0m:0s left)
UPDATE BEST LOG-LIKELIHOOD: -54245.957
UPDATE BEST LOG-LIKELIHOOD: -54245.957
Iteration 100 / LogL: -54245.957 / Time: 0h:0m:1s (0h:0m:0s left)
UPDATE BEST LOG-LIKELIHOOD: -54245.957
TREE SEARCH COMPLETED AFTER 101 ITERATIONS / Time: 0h:0m:1s

--------------------------------------------------------------------
|                    FINALIZING TREE SEARCH                        |
--------------------------------------------------------------------
Performs final model parameters optimization
Estimate model parameters (epsilon = 0.010)
1. Initial log-likelihood: -54245.957
Optimal log-likelihood: -54245.957
Rate parameters:  A-C: 1.00000  A-G: 1.45764  A-T: 1.00000  C-G: 1.00000  C-T: 1.45764  G-T: 1.00000
Base frequencies:  A: 0.321  C: 0.206  G: 0.258  T: 0.215
Parameters optimization took 1 rounds (0.016 sec)
BEST SCORE FOUND : -54245.957
Total tree length: 3.668

Total number of iterations: 101
CPU time used for tree search: 0.234 sec (0h:0m:0s)
Wall-clock time used for tree search: 0.315 sec (0h:0m:0s)
Total CPU time used: 0.406 sec (0h:0m:0s)
Total wall-clock time used: 1.151 sec (0h:0m:1s)

Analysis results written to: 
  IQ-TREE report:                iqtree_output.iqtree
  Maximum-likelihood tree:       iqtree_output.treefile
  Likelihood distances:          iqtree_output.mldist
  Screen log file:               iqtree_output.log

Date and Time: Tue Jun 25 01:48:00 2024
